  ================================================================================

                              A X I A L     H F B 

                          NUCLEUS   20  O  Z=   10

                              COM 1 COM2 1 COU-ECH 2

  ================================================================================


                              EPSG  0.000001 MAXITER   201


  ================================================================================


                     GOGNY FORCE       D1S  

              mu        W           B           H           M

             0.70    -1720.30     1300.00    -1813.53     1397.60
             1.20      103.64     -163.48      162.81     -223.93

    WLS =  130.00  t3  1390.60 ALPHA  0.3333 x0  1.00 e2  1.4419703




  ================================================================================




                CONSTRAINT ON C.O.M.      0.00000000D+00 ISOS  1 1


  ================================================================================


  QF1 and QF2 not present in input file 


  ******************************     B A S I S      ******************************

                     MZMAX    4       JZ MAX  9/2

                     NZMAX   4  3  2  1  0
  ********************************************************************************
 OSC LENGTHS FROM DATA FILE  2.040000  2.040000
 **********************************************************************************************************************************
 *                                           A D J U S T I N G   C O N S T R A I N T S                                            *
 **********************************************************************************************************************************

                Z           N          C.O.M                                                            
 ==================================================================================================================================
 DD     1-0.445308D+01-0.445308D+01 0.000000D+00 0.000000D+00 0.000000D+00 0.000000D+00 0.000000D+00 0.000000D+00 F  0.198299D+02
 DD     2-0.455071D+00-0.455071D+00 0.000000D+00 0.000000D+00 0.000000D+00 0.000000D+00 0.000000D+00 0.000000D+00 F  0.207089D+00
 DD     3-0.830450D-02-0.830450D-02 0.000000D+00 0.000000D+00 0.000000D+00 0.000000D+00 0.000000D+00 0.000000D+00 F  0.689647D-04
 DD     4-0.279438D-05-0.279438D-05 0.000000D+00 0.000000D+00 0.000000D+00 0.000000D+00 0.000000D+00 0.000000D+00 F  0.780857D-11
 **********************************************************************************************************************************
 *                                                       I T E R A T I O N                                                        *
 **********************************************************************************************************************************

  ITER     SHH      ENERGY        Z           N          C.O.M                                                            
 ==================================================================================================================================
    1   50.51775  -113.621805   10.00000  10.00000   0.00000D+00
    2   52.30018  -114.126541   10.00007  10.00007  -0.25531D-16
    3   50.55970  -114.911454   10.00037  10.00031   0.38658D-16
    4   48.75366  -116.047630   10.00078  10.00068  -0.38813D-16
    5   46.11716  -117.689792   10.00169  10.00147  -0.69176D-16
    6   42.56322  -120.016499   10.00357  10.00310  -0.81207D-16
    7   37.95923  -123.232707   10.00757  10.00648  -0.96507D-16
    8   32.46225  -127.542405   10.01723  10.01404  -0.60238D-16
    9   27.39783  -133.232882   10.05065  10.03635   0.31813D-16
   10   26.04926  -142.371960   10.27618  10.16834   0.28914D-16
 DD     1-0.609783D+00-0.989873D+00-0.258900D-15 0.000000D+00 0.000000D+00 0.000000D+00 0.000000D+00 0.000000D+00 F  0.675842D+00
 DD     2-0.154155D-01-0.338587D-01-0.938168D-17 0.000000D+00 0.000000D+00 0.000000D+00 0.000000D+00 0.000000D+00 F  0.692023D-03
 DD     3-0.122808D-04-0.550819D-04-0.106699D-19 0.000000D+00 0.000000D+00 0.000000D+00 0.000000D+00 0.000000D+00 F  0.159242D-08
   11    8.27272  -145.891886   10.00001  10.00006   0.10670D-19
   12    4.99770  -148.032721   10.00062  10.00099   0.55455D-17
   13    3.04740  -149.318041   10.00094  10.00070  -0.15712D-17
   14    1.87277  -150.101108   10.00086  10.00055   0.23068D-16
   15    1.15936  -150.581938   10.00068  10.00045   0.22262D-16
   16    0.72286  -150.879335   10.00052  10.00036  -0.26888D-16
   17    0.45389  -151.064588   10.00038  10.00028  -0.62251D-16
   18    0.28699  -151.180798   10.00027  10.00021   0.25095D-16
   19    0.18271  -151.254207   10.00019  10.00016   0.58408D-17
   20    0.11712  -151.300899   10.00014  10.00012  -0.35623D-16
 DD     1-0.982363D-04-0.858983D-04 0.379899D-16 0.000000D+00 0.000000D+00 0.000000D+00 0.000000D+00 0.000000D+00 F  0.851444D-08
 DD     2-0.609326D-09-0.461361D-09 0.160695D-21 0.000000D+00 0.000000D+00 0.000000D+00 0.000000D+00 0.000000D+00 F  0.292066D-18
   21    0.07561  -151.329385   10.00000  10.00000  -0.16070D-21
   22    0.04918  -151.349602   10.00004  10.00003  -0.48190D-16
   23    0.02519  -151.368348   10.00007  10.00007  -0.34490D-16
   24    0.01332  -151.377590   10.00006  10.00006  -0.40643D-16
   25    0.00740  -151.382363   10.00004  10.00004  -0.29752D-16
   26    0.00446  -151.385002   10.00003  10.00003  -0.81266D-16
   27    0.00302  -151.386624   10.00002  10.00002  -0.93340D-17
   28    0.00236  -151.387775   10.00002  10.00002   0.11350D-16
   29    0.00213  -151.388733   10.00002  10.00002   0.25129D-16
   30    0.00215  -151.390293   10.00003  10.00003  -0.26289D-16
 DD     1-0.431657D-04-0.374095D-04 0.104940D-16 0.000000D+00 0.000000D+00 0.000000D+00 0.000000D+00 0.000000D+00 F  0.163137D-08
 DD     2-0.115882D-09-0.861551D-10 0.187886D-22 0.000000D+00 0.000000D+00 0.000000D+00 0.000000D+00 0.000000D+00 F  0.104257D-19
   31    0.00247  -151.391399   10.00000  10.00000  -0.18789D-22
   32    0.00270  -151.392421   10.00001  10.00001  -0.63077D-17
   33    0.00311  -151.394140   10.00003  10.00002  -0.48372D-16
   34    0.00373  -151.396860   10.00006  10.00005   0.65697D-18
   35    0.00445  -151.399883   10.00008  10.00007   0.37034D-17
   36    0.00528  -151.403400   10.00010  10.00008   0.47461D-16
   37    0.00619  -151.407517   10.00011  10.00010   0.19377D-16
   38    0.00718  -151.412309   10.00013  10.00012  -0.24001D-16
   39    0.00823  -151.417826   10.00016  10.00013   0.20258D-16
   40    0.00930  -151.424098   10.00018  10.00015   0.56808D-16
 DD     1-0.199301D-03-0.174413D-03-0.445602D-17 0.000000D+00 0.000000D+00 0.000000D+00 0.000000D+00 0.000000D+00 F  0.350703D-07
 DD     2-0.243152D-08-0.184977D-08-0.375031D-22 0.000000D+00 0.000000D+00 0.000000D+00 0.000000D+00 0.000000D+00 F  0.466696D-17
   41    0.01035  -151.428240   10.00000  10.00000   0.37503D-22
   42    0.01086  -151.432460   10.00004  10.00003  -0.24078D-16
   43    0.01159  -151.439200   10.00010  10.00009   0.83471D-17
   44    0.01244  -151.448948   10.00020  10.00018  -0.35486D-16
   45    0.01311  -151.458460   10.00025  10.00022  -0.25140D-16
   46    0.01356  -151.468081   10.00027  10.00024  -0.42742D-16
   47    0.01375  -151.477811   10.00028  10.00025   0.53962D-16
   48    0.01368  -151.487520   10.00029  10.00026   0.43294D-16
   49    0.01334  -151.497038   10.00028  10.00026   0.97215D-16
   50    0.01276  -151.506191   10.00028  10.00025   0.69723D-16
 DD     1-0.263073D-03-0.242146D-03-0.626032D-16 0.000000D+00 0.000000D+00 0.000000D+00 0.000000D+00 0.000000D+00 F  0.639210D-07
 DD     2-0.406870D-08-0.345444D-08-0.703470D-21 0.000000D+00 0.000000D+00 0.000000D+00 0.000000D+00 0.000000D+00 F  0.142437D-16
   51    0.01197  -151.510866   10.00000  10.00000   0.70347D-21
   52    0.01128  -151.518372   10.00009  10.00008   0.46788D-18
   53    0.01026  -151.527427   10.00017  10.00016   0.41234D-16
   54    0.00918  -151.534679   10.00019  10.00018  -0.56160D-16
   55    0.00808  -151.540778   10.00018  10.00017   0.62812D-17
   56    0.00700  -151.545975   10.00016  10.00015  -0.30188D-16
   57    0.00599  -151.550392   10.00014  10.00013   0.47919D-16
   58    0.00506  -151.554115   10.00012  10.00012  -0.51365D-16
   59    0.00423  -151.557223   10.00010  10.00010   0.25250D-16
   60    0.00349  -151.559791   10.00009  10.00008  -0.61412D-16
 DD     1-0.706437D-04-0.680688D-04-0.261160D-16 0.000000D+00 0.000000D+00 0.000000D+00 0.000000D+00 0.000000D+00 F  0.481195D-08
 DD     2-0.282244D-09-0.264661D-09-0.801765D-22 0.000000D+00 0.000000D+00 0.000000D+00 0.000000D+00 0.000000D+00 F  0.748535D-19
   61    0.00286  -151.560793   10.00000  10.00000   0.80176D-22
   62    0.00245  -151.562531   10.00002  10.00002   0.58469D-17
   63    0.00198  -151.564417   10.00003  10.00003   0.85698D-17
   64    0.00159  -151.565737   10.00003  10.00003  -0.74083D-17
   65    0.00127  -151.566721   10.00003  10.00003  -0.37582D-16
   66    0.00101  -151.567478   10.00002  10.00002   0.16161D-16
   67    0.00079  -151.568067   10.00002  10.00002   0.99316D-16
   68    0.00062  -151.568527   10.00002  10.00002   0.11329D-15
   69    0.00049  -151.568887   10.00001  10.00001   0.22025D-16
   70    0.00038  -151.569166   10.00001  10.00001   0.86277D-17
 DD     1-0.767937D-05-0.752161D-05-0.554041D-16 0.000000D+00 0.000000D+00 0.000000D+00 0.000000D+00 0.000000D+00 F  0.577737D-10
 DD     2-0.328804D-11-0.318678D-11-0.185733D-22 0.000000D+00 0.000000D+00 0.000000D+00 0.000000D+00 0.000000D+00 F  0.104834D-22
   71    0.00030  -151.569263   10.00000  10.00000   0.18573D-22
   72    0.00025  -151.569441   10.00000  10.00000  -0.14836D-15
   73    0.00019  -151.569628   10.00000  10.00000  -0.49002D-17
   74    0.00015  -151.569752   10.00000  10.00000   0.47060D-16
   75    0.00011  -151.569841   10.00000  10.00000  -0.92005D-17
   76    0.00009  -151.569908   10.00000  10.00000  -0.14981D-16
   77    0.00007  -151.569958   10.00000  10.00000  -0.43830D-16
   78    0.00005  -151.569996   10.00000  10.00000  -0.82103D-17
   79    0.00004  -151.570026   10.00000  10.00000  -0.23078D-16
   80    0.00003  -151.570048   10.00000  10.00000  -0.60635D-16
 DD     1-0.617297D-06-0.606779D-06 0.967229D-16 0.000000D+00 0.000000D+00 0.000000D+00 0.000000D+00 0.000000D+00 F  0.374618D-12
 DD     2-0.159872D-13-0.177636D-13 0.260872D-23 0.000000D+00 0.000000D+00 0.000000D+00 0.000000D+00 0.000000D+00 F  0.285568D-27
   81    0.00002  -151.570056   10.00000  10.00000  -0.26087D-23
   82    0.00002  -151.570070   10.00000  10.00000  -0.27255D-16
   83    0.00001  -151.570084   10.00000  10.00000   0.29355D-16
   84    0.00001  -151.570094   10.00000  10.00000   0.42579D-16
   85    0.00001  -151.570101   10.00000  10.00000  -0.43263D-16
   86    0.00001  -151.570106   10.00000  10.00000   0.72871D-17
   87    0.00001  -151.570110   10.00000  10.00000   0.52620D-16
   88    0.00000  -151.570113   10.00000  10.00000   0.54284D-16
   89    0.00000  -151.570115   10.00000  10.00000   0.31772D-16
   90    0.00000  -151.570116   10.00000  10.00000   0.10442D-15
 DD     1-0.456010D-07-0.448554D-07-0.121118D-15 0.000000D+00 0.000000D+00 0.000000D+00 0.000000D+00 0.000000D+00 F  0.204573D-14
 DD     2 0.355271D-14 0.000000D+00-0.241343D-24 0.000000D+00 0.000000D+00 0.000000D+00 0.000000D+00 0.000000D+00 F  0.631089D-29
   91    0.00000  -151.570117   10.00000  10.00000   0.24134D-24
   92    0.00000  -151.570118   10.00000  10.00000   0.42592D-17
   93    0.00000  -151.570119   10.00000  10.00000  -0.84010D-17
   94    0.00000  -151.570120   10.00000  10.00000   0.11299D-16
          ************************************************************************************
                                 P R O P E R L Y     F I N I S H E D  

                     SHH   0.000001 EPSG   0.000001 ITER    94 E HFB      -151.5701197807
          ************************************************************************************

                         PROTON                NEUTRON                TOTAL

   Kinetic             149.679749            152.255342            301.935091  MeV     
   HF Ener             -63.705288            -82.278254           -145.983542  MeV     
   Pairing              -2.416947             -3.169631             -5.586577  MeV     
   HFB Ener            -66.122234            -85.447885           -151.570120  MeV     
   Coul Dir             23.809027              0.000000              0.000000  MeV     
   Rearrang             71.249361             72.077754            143.327115  MeV     
   CE Slate             -3.539536              0.000000             -3.539536  MeV     
      N                 10.000000             10.000000             20.000000          
     Q10                 0.000000              0.000000              0.000000  fm      
     Q20                -6.415176             -6.048708            -12.463883  fm^2    
     Q30                 0.000000              0.000000              0.000000  fm^3    
     Q40                12.605197             11.242321             23.847518  fm^4    
     Neck                6.670554              6.681743             13.352297          
   MS Rad                2.879029              2.857323              2.868197  fm      
    Beta 2              -0.122698             -0.117453             -0.120095          
    Beta 3               0.000000              0.000000              0.000000          
    Beta 4               0.019348              0.017809              0.018591          
    <N^2>                2.314188              2.511797              4.825985          
     z/x                 0.885716              0.890544              0.888111          
   Dipole                0.000000              0.000000              0.000000  fm      
    |z|/A                1.908290              1.898647              1.903468  fm      
    KIN2bG               3.130384              3.184528              6.314912  MeV     
    KIN2bP               0.160252              0.203444              0.363696  MeV     
    CE Exac             -3.580803              0.000000              0.000000  MeV     
    CP Exac              0.332712              0.000000              0.000000  MeV     
    DELTA                1.956418              2.099730              4.056148          
    DQ2**2               0.012584              0.012144              0.024727  barns^2 
    DJx**2               0.601564              0.484546              1.086110          
    YOCC                 0.000000              0.000000              0.323732   MeV^-1 
    EROT                 0.785754              0.000000           -152.355874   MeV    


                  Z               N              C.O.M                                                                                
 ==================================================================================================================================
   CONS       10.000000        10.000000         0.000000         0.000000         0.000000         0.000000         0.000000         0.000000
   CHEM   -5.9895348243   -10.0345157560     0.0000000000     0.0000000000     0.0000000000     0.0000000000     0.0000000000     0.0000000000


 SUM    10.0000   10.0000      -12.4639        0.0000   2.31419   2.51180  -2.41695  -3.16963  -151.57012  -152.35587




                                                  COLLECTIVE MASSES

              OPER        VALUE                 G                BATDHF                BGCM            ZPEA     ZPEG

   COLL MASS   Z              10.000000  0.113049693973D+00  0.733880928764D-01  0.726044755752D-01   0.77022   0.77853
   COLL MASS   N              10.000000  0.104473055018D+00  0.553790245492D-01  0.547420091750D-01   0.94325   0.95423
   COLL MASS  C.O.M            0.000000  0.330289137577D+01  0.368256024820D+00  0.362276619821D+00   4.48450   4.55852

 ROT PROP        1.086110       0.323732       0.785754       0.508960       0.499792


 -------------------------------------------------------------------------------------------------- 
|                                                                                                  |
|                                    QUASI PARTICLE  PROPERTIES                                    |
|                                                                                                  |
 -------------------------------------------------------------------------------------------------- 




                                         PROTONS                                                              NEUTRONS 


           Jz   COL     EQP          N11       Q20 11      Parity        Sz        Jz   COL     EQP          N11       Q20 11      Parity        Sz

 QP     1  5     1    1.480149   -0.214709    0.007396    1.000000    0.499966     5     1    1.828200   -0.111017    0.003620    1.000000    0.499968
 QP     2  3     1    1.526378    0.555497   -0.000798    1.000000    0.173999     3     1    1.863146    0.513049   -0.000633    1.000000    0.173194
 QP     3  1     1    1.719505    0.686951   -0.001486    1.000000    0.138529     1     1    2.022023    0.631443   -0.001573    1.000000    0.143433
 QP     4  1     2    5.054225    0.982016    0.010492    1.000000    0.370492     1     2    5.207323    0.975401    0.010754    1.000000    0.363681
